<?xml version="1.0" encoding="UTF-8"?>
<!-- Generated by org.testng.reporters.JUnitReportReporter -->
<testsuite hostname="DDC5-D-187N803" name="com.maven_demo1.TestMEApp" tests="1" failures="0" timestamp="16 Jan 2020 05:10:54 GMT" time="10.977" errors="0">
  <testcase name="login" time="10.977" classname="com.maven_demo1.TestMEApp"/>
</testsuite> <!-- com.maven_demo1.TestMEApp -->
