<?xml version="1.0" encoding="UTF-8"?>
<!-- Generated by org.testng.reporters.JUnitReportReporter -->
<testsuite hostname="DDC5-D-187N803" name="com.maven_demo1.Grouping" tests="5" failures="0" timestamp="17 Jan 2020 07:06:17 GMT" time="0.013" errors="0">
  <testcase name="Scooter2" time="0.000" classname="com.maven_demo1.Grouping"/>
  <testcase name="Sedan1" time="0.001" classname="com.maven_demo1.Grouping"/>
  <testcase name="Car2" time="0.001" classname="com.maven_demo1.Grouping"/>
  <testcase name="Scooter1" time="0.002" classname="com.maven_demo1.Grouping"/>
  <testcase name="Car1" time="0.009" classname="com.maven_demo1.Grouping"/>
</testsuite> <!-- com.maven_demo1.Grouping -->
