<?xml version="1.0" encoding="UTF-8"?>
<!-- Generated by org.testng.reporters.JUnitReportReporter -->
<testsuite hostname="DDC5-D-187N803" name="com.maven_demo1.Testng_Demo1" tests="2" failures="0" timestamp="15 Jan 2020 06:33:57 GMT" time="0.007" errors="0">
  <testcase name="login" time="0.004" classname="com.maven_demo1.Testng_Demo1"/>
  <testcase name="register" time="0.003" classname="com.maven_demo1.Testng_Demo1"/>
</testsuite> <!-- com.maven_demo1.Testng_Demo1 -->
