<?xml version="1.0" encoding="UTF-8"?>
<!-- Generated by org.testng.reporters.JUnitReportReporter -->
<testsuite hostname="DDC5-D-187N803" name="com.maven_demo1.Hello_selenium" tests="1" failures="0" timestamp="15 Jan 2020 06:33:57 GMT" time="35.901" errors="0">
  <testcase name="rediff_login" time="35.901" classname="com.maven_demo1.Hello_selenium"/>
</testsuite> <!-- com.maven_demo1.Hello_selenium -->
