<?xml version="1.0" encoding="UTF-8"?>
<!-- Generated by org.testng.reporters.JUnitReportReporter -->
<testsuite hostname="DDC5-D-187N803" name="com.maven_demo1.TestMeAPP_Windows" tests="1" failures="0" timestamp="17 Jan 2020 05:55:49 GMT" time="7.587" errors="0">
  <testcase name="f" time="7.587" classname="com.maven_demo1.TestMeAPP_Windows"/>
</testsuite> <!-- com.maven_demo1.TestMeAPP_Windows -->
