<?xml version="1.0" encoding="UTF-8"?>
<!-- Generated by org.testng.reporters.JUnitReportReporter -->
<testsuite hostname="DDC5-D-187N803" name="com.maven_demo1.Jquery_droppable" tests="1" failures="0" timestamp="16 Jan 2020 05:45:24 GMT" time="0.943" errors="0">
  <testcase name="droppable" time="0.943" classname="com.maven_demo1.Jquery_droppable"/>
</testsuite> <!-- com.maven_demo1.Jquery_droppable -->
