<?xml version="1.0" encoding="UTF-8"?>
<!-- Generated by org.testng.reporters.JUnitReportReporter -->
<testsuite hostname="DDC5-D-187N803" name="com.maven_demo1.Test_Demo" tests="2" failures="0" timestamp="15 Jan 2020 06:33:57 GMT" time="0.010" errors="0">
  <testcase name="gmail" time="0.007" classname="com.maven_demo1.Test_Demo"/>
  <testcase name="faceboo" time="0.003" classname="com.maven_demo1.Test_Demo"/>
</testsuite> <!-- com.maven_demo1.Test_Demo -->
